Determining if the pthread_create exist failed with the following output:
Change Dir: /home/uzahid/personal/brevitas/quantization/lib/CMakeFiles/CMakeTmp

Run Build Command(s):/usr/bin/make cmTC_f7e2f/fast 
/usr/bin/make -f CMakeFiles/cmTC_f7e2f.dir/build.make CMakeFiles/cmTC_f7e2f.dir/build
make[1]: Entering directory '/home/uzahid/personal/brevitas/quantization/lib/CMakeFiles/CMakeTmp'
Building C object CMakeFiles/cmTC_f7e2f.dir/CheckSymbolExists.c.o
/usr/bin/cc   -fPIC    -o CMakeFiles/cmTC_f7e2f.dir/CheckSymbolExists.c.o   -c /home/uzahid/personal/brevitas/quantization/lib/CMakeFiles/CMakeTmp/CheckSymbolExists.c
Linking C executable cmTC_f7e2f
/home/uzahid/anaconda3/envs/lstm/bin/cmake -E cmake_link_script CMakeFiles/cmTC_f7e2f.dir/link.txt --verbose=1
/usr/bin/cc -fPIC     -rdynamic CMakeFiles/cmTC_f7e2f.dir/CheckSymbolExists.c.o  -o cmTC_f7e2f 
CMakeFiles/cmTC_f7e2f.dir/CheckSymbolExists.c.o: In function `main':
CheckSymbolExists.c:(.text+0x1b): undefined reference to `pthread_create'
collect2: error: ld returned 1 exit status
CMakeFiles/cmTC_f7e2f.dir/build.make:86: recipe for target 'cmTC_f7e2f' failed
make[1]: *** [cmTC_f7e2f] Error 1
make[1]: Leaving directory '/home/uzahid/personal/brevitas/quantization/lib/CMakeFiles/CMakeTmp'
Makefile:121: recipe for target 'cmTC_f7e2f/fast' failed
make: *** [cmTC_f7e2f/fast] Error 2

File /home/uzahid/personal/brevitas/quantization/lib/CMakeFiles/CMakeTmp/CheckSymbolExists.c:
/* */
#include <pthread.h>

int main(int argc, char** argv)
{
  (void)argv;
#ifndef pthread_create
  return ((int*)(&pthread_create))[argc];
#else
  (void)argc;
  return 0;
#endif
}

Determining if the function pthread_create exists in the pthreads failed with the following output:
Change Dir: /home/uzahid/personal/brevitas/quantization/lib/CMakeFiles/CMakeTmp

Run Build Command(s):/usr/bin/make cmTC_4b547/fast 
/usr/bin/make -f CMakeFiles/cmTC_4b547.dir/build.make CMakeFiles/cmTC_4b547.dir/build
make[1]: Entering directory '/home/uzahid/personal/brevitas/quantization/lib/CMakeFiles/CMakeTmp'
Building C object CMakeFiles/cmTC_4b547.dir/CheckFunctionExists.c.o
/usr/bin/cc   -fPIC -DCHECK_FUNCTION_EXISTS=pthread_create   -o CMakeFiles/cmTC_4b547.dir/CheckFunctionExists.c.o   -c /home/uzahid/anaconda3/envs/lstm/share/cmake-3.14/Modules/CheckFunctionExists.c
Linking C executable cmTC_4b547
/home/uzahid/anaconda3/envs/lstm/bin/cmake -E cmake_link_script CMakeFiles/cmTC_4b547.dir/link.txt --verbose=1
/usr/bin/cc -fPIC -DCHECK_FUNCTION_EXISTS=pthread_create    -rdynamic CMakeFiles/cmTC_4b547.dir/CheckFunctionExists.c.o  -o cmTC_4b547 -lpthreads 
/usr/bin/ld: cannot find -lpthreads
collect2: error: ld returned 1 exit status
CMakeFiles/cmTC_4b547.dir/build.make:86: recipe for target 'cmTC_4b547' failed
make[1]: *** [cmTC_4b547] Error 1
make[1]: Leaving directory '/home/uzahid/personal/brevitas/quantization/lib/CMakeFiles/CMakeTmp'
Makefile:121: recipe for target 'cmTC_4b547/fast' failed
make: *** [cmTC_4b547/fast] Error 2


